Arguments: 
  /usr/local/bin/node /usr/local/bin/yarn

PATH: 
  /usr/local/Cellar/mongodb/bin:/usr/local/bin:/usr/bin:/bin:/usr/sbin:/sbin

Yarn version: 
  0.24.5

Node version: 
  8.1.3

Platform: 
  darwin x64

npm manifest: 
  {
    "name": "zhufeng_app",
    "version": "1.0.0",
    "main": "index.js",
    "scripts": {
      "start": "webpack-dev-server --port 3003 --open --progress --colors",
      "build": "webpack -p"
    },
    "repository": "https://github.com/zhufengzhufeng/zhufeng_app.git",
    "author": "pamzer156 <1035465285@qq.com>",
    "license": "MIT",
    "dependencies": {
      "babel-core": "^6.24.1",
      "babel-loader": "^7.0.0",
      "babel-preset-es2015": "^6.24.1",
      "babel-preset-react": "^6.24.1",
      "babel-preset-stage-0": "^6.24.1",
      "body-parser": "^1.17.2",
      "css-loader": "^0.28.4",
      "es6-promise": "^4.1.0",
      "express": "^4.15.3",
      "html-webpack-plugin": "^2.28.0",
      "less": "^2.7.2",
      "less-loader": "^4.0.3",
      "react": "^15.5.4",
      "react-dom": "^15.5.4",
      "react-redux": "^5.0.5",
      "react-router-dom": "^4.1.1",
      "react-swipe": "^5.0.8",
      "redux": "^3.6.0",
      "style-loader": "^0.18.1",
      "swipe-js-iso": "^2.0.3",
      "webpack": "^2.6.1",
      "webpack-dev-server": "^2.4.5",
      "whatwg-fetch": "^2.0.3"
    },
    "devDependencies": {
      "extract-text-webpack-plugin": "^2.1.0",
      "postcss-loader": "^2.0.5"
    }
  }

yarn manifest: 
  No manifest

Lockfile: 
  No lockfile

Trace: 
  TypeError: https://registry.npm.taobao.org/esutils: Cannot read property 'asyncReset' of null
      at Agent.addRequest (_http_agent.js:171:19)
      at new ClientRequest (_http_client.js:272:16)
      at Object.request (http.js:39:10)
      at Object.request (https.js:233:15)
      at Request.start (/usr/local/lib/node_modules/yarn/node_modules/request/request.js:755:32)
      at Request.end (/usr/local/lib/node_modules/yarn/node_modules/request/request.js:1525:10)
      at end (/usr/local/lib/node_modules/yarn/node_modules/request/request.js:567:14)
      at Immediate._onImmediate (/usr/local/lib/node_modules/yarn/node_modules/request/request.js:581:7)
      at runCallback (timers.js:800:20)
      at tryOnImmediate (timers.js:762:5)
